[2025-11-25 15:36:16] [ERROR] Проверка ERROR
[2025-11-25 15:36:16] [INFO] Загрузка данных из CSV: data/aircrafts.csv
[2025-11-25 15:36:16] [WARN] CSV файл не найден, создаётся новый: data/aircrafts.csv
[2025-11-25 15:36:16] [INFO] AircraftService инициализирован
[2025-11-25 15:36:46] [INFO] Попытка добавить самолёт ID=1
[2025-11-25 15:36:46] [INFO] Добавлен самолёт ID=1
[2025-11-25 15:36:46] [INFO] Сохранение CSV в файл: data/aircrafts.csv
[2025-11-25 15:36:46] [INFO] Сохранено 1 записей
[2025-11-25 15:36:46] [INFO] Самолёт ID=1 успешно добавлен (Passenger aircraft a1)
[2025-11-25 15:36:48] [INFO] Получение списка всех самолётов (1 шт.)
[2025-11-25 15:36:53] [INFO] Поиск самолёта ID=1
[2025-11-25 15:36:53] [INFO] Самолёт ID=1 найден (Passenger aircraft a1)
[2025-11-25 15:40:50] [ERROR] Проверка ERROR
[2025-11-25 15:40:50] [INFO] Загрузка данных из CSV: data/aircrafts.csv
[2025-11-25 15:40:50] [INFO] Загружен самолёт ID=1 Тип=Passenger aircraft Модель=a1
[2025-11-25 15:40:50] [INFO] CSV загружен. Самолётов: 1
[2025-11-25 15:40:50] [INFO] AircraftService инициализирован
[2025-11-30 19:36:19] [ERROR] Проверка ERROR
[2025-11-30 19:36:20] [INFO] Загрузка данных из CSV: data/aircrafts.csv
[2025-11-30 19:36:20] [INFO] Загружен самолёт ID=1 Тип=Passenger aircraft Модель=a1
[2025-11-30 19:36:20] [INFO] CSV загружен. Самолётов: 1
[2025-11-30 19:36:20] [INFO] AircraftService инициализирован
[2025-11-30 19:36:24] [INFO] Получение списка всех самолётов (1 шт.)
[2025-11-30 19:36:32] [INFO] Расчёт средней вместимости
[2025-11-30 19:36:32] [INFO] Поиск самолёта с максимальной дальностью
[2025-11-30 19:36:32] [INFO] Максимальная дальность: 12000.0 у 1
[2025-11-30 19:36:32] [INFO] Поиск самого старого самолёта
[2025-11-30 19:36:32] [INFO] Самый старый самолёт: 2020 года, ID=1
[2025-11-30 19:37:08] [INFO] Поиск самолёта ID=1
[2025-11-30 19:37:08] [INFO] Самолёт ID=1 найден (Passenger aircraft a1)
[2025-11-30 21:34:05] [INFO] AircraftService инициализирован
[2025-11-30 21:34:05] [INFO] Попытка добавить самолёт ID=A1
[2025-11-30 21:34:05] [INFO] Самолёт ID=A1 успешно добавлен (Passenger aircraft Boeing 737)
[2025-11-30 21:34:05] [INFO] Попытка удалить самолёт ID=A1
[2025-11-30 21:34:05] [INFO] Самолёт ID=A1 удалён (Passenger aircraft Boeing 737)
[2025-11-30 21:34:05] [INFO] Поиск самолёта ID=A1
[2025-11-30 21:34:05] [WARN] Самолёт ID=A1 не найден
[2025-11-30 21:34:05] [INFO] AircraftService инициализирован
[2025-11-30 21:34:05] [INFO] Попытка добавить самолёт ID=A1
[2025-11-30 21:34:05] [INFO] Самолёт ID=A1 успешно добавлен (Passenger aircraft Boeing 737)
[2025-11-30 21:34:05] [INFO] Попытка добавить самолёт ID=A2
[2025-11-30 21:34:05] [INFO] Самолёт ID=A2 успешно добавлен (Passenger aircraft A310)
[2025-11-30 21:34:05] [INFO] Поиск самолёта с максимальной дальностью
[2025-11-30 21:34:05] [INFO] Максимальная дальность: 8000.0 у A2
[2025-11-30 21:34:05] [INFO] AircraftService инициализирован
[2025-11-30 21:34:05] [INFO] Попытка добавить самолёт ID=A1
[2025-11-30 21:34:05] [ERROR] Ошибка: отрицательная дальность -100.0
[2025-11-30 21:34:05] [INFO] AircraftService инициализирован
[2025-11-30 21:34:05] [INFO] Попытка добавить самолёт ID=A1
[2025-11-30 21:34:05] [INFO] Самолёт ID=A1 успешно добавлен (Passenger aircraft Boeing 737)
[2025-11-30 21:34:05] [INFO] Поиск самолёта ID=A1
[2025-11-30 21:34:05] [INFO] Самолёт ID=A1 найден (Passenger aircraft Boeing 737)
[2025-11-30 21:34:05] [INFO] AircraftService инициализирован
[2025-11-30 21:34:05] [INFO] Попытка добавить самолёт ID=A1
[2025-11-30 21:34:05] [INFO] Самолёт ID=A1 успешно добавлен (Passenger aircraft Boeing 737)
[2025-11-30 21:34:05] [INFO] Попытка добавить самолёт ID=A1
[2025-11-30 21:34:05] [ERROR] Дубликат ID: A1
[2025-11-30 21:34:05] [INFO] AircraftService инициализирован
[2025-11-30 21:34:05] [INFO] Попытка добавить самолёт ID=A1
[2025-11-30 21:34:05] [INFO] Самолёт ID=A1 успешно добавлен (Passenger aircraft Boeing 737)
[2025-11-30 21:34:05] [INFO] Попытка добавить самолёт ID=A2
[2025-11-30 21:34:05] [INFO] Самолёт ID=A2 успешно добавлен (Passenger aircraft TU-154)
[2025-11-30 21:34:05] [INFO] Поиск самого старого самолёта
[2025-11-30 21:34:05] [INFO] Самый старый самолёт: 1990 года, ID=A2
[2025-11-30 21:34:05] [INFO] AircraftService инициализирован
[2025-11-30 21:34:05] [INFO] Попытка добавить самолёт ID=A1
[2025-11-30 21:34:05] [ERROR] Ошибка: отрицательная вместимость -10
[2025-11-30 21:34:05] [INFO] AircraftService инициализирован
[2025-11-30 21:34:05] [INFO] Попытка добавить самолёт ID=A1
[2025-11-30 21:34:05] [INFO] Самолёт ID=A1 успешно добавлен (Passenger aircraft Boeing 737)
[2025-11-30 21:34:05] [INFO] Попытка добавить самолёт ID=A2
[2025-11-30 21:34:05] [INFO] Самолёт ID=A2 успешно добавлен (Passenger aircraft A320)
[2025-11-30 21:34:05] [INFO] Расчёт средней вместимости
[2025-11-30 21:34:05] [INFO] AircraftService инициализирован
[2025-11-30 21:34:05] [INFO] Поиск самолёта ID=XXX
[2025-11-30 21:34:05] [WARN] Самолёт ID=XXX не найден
[2025-11-30 21:34:05] [INFO] AircraftService инициализирован
[2025-11-30 21:34:05] [INFO] Попытка удалить самолёт ID=QWERTY
[2025-11-30 21:34:05] [WARN] Удаление невозможно — ID=QWERTY не найден
[2025-11-30 21:34:05] [INFO] AircraftService инициализирован
[2025-11-30 21:34:05] [INFO] Попытка добавить самолёт ID=A1
[2025-11-30 21:34:05] [INFO] Самолёт ID=A1 успешно добавлен (Passenger aircraft Boeing 737)
[2025-11-30 21:34:05] [INFO] Поиск самолёта ID=A1
[2025-11-30 21:34:05] [INFO] Самолёт ID=A1 найден (Passenger aircraft Boeing 737)
[2025-11-30 21:34:05] [INFO] AircraftService инициализирован
[2025-11-30 21:34:05] [INFO] Попытка добавить самолёт ID=
[2025-11-30 21:34:05] [ERROR] Ошибка: ID пустой
[2025-11-30 21:34:05] [INFO] AircraftService инициализирован
[2025-11-30 21:34:05] [INFO] Попытка добавить самолёт ID=A1
[2025-11-30 21:34:05] [INFO] Самолёт ID=A1 успешно добавлен (Passenger aircraft Boeing 737)
[2025-11-30 21:34:05] [INFO] Попытка добавить самолёт ID=A2
[2025-11-30 21:34:05] [INFO] Самолёт ID=A2 успешно добавлен (Passenger aircraft Airbus A320)
[2025-11-30 21:34:05] [INFO] Получение списка всех самолётов (2 шт.)
[2025-11-30 22:08:12] [INFO] AircraftService инициализирован
[2025-11-30 22:08:12] [INFO] Попытка добавить самолёт ID=A1
[2025-11-30 22:08:12] [INFO] Самолёт ID=A1 успешно добавлен (Passenger aircraft Boeing 737)
[2025-11-30 22:08:12] [INFO] Попытка удалить самолёт ID=A1
[2025-11-30 22:08:12] [INFO] Самолёт ID=A1 удалён (Passenger aircraft Boeing 737)
[2025-11-30 22:08:12] [INFO] Поиск самолёта ID=A1
[2025-11-30 22:08:12] [WARN] Самолёт ID=A1 не найден
[2025-11-30 22:08:12] [INFO] AircraftService инициализирован
[2025-11-30 22:08:12] [INFO] Попытка добавить самолёт ID=A1
[2025-11-30 22:08:12] [INFO] Самолёт ID=A1 успешно добавлен (Passenger aircraft Boeing 737)
[2025-11-30 22:08:12] [INFO] Попытка добавить самолёт ID=A2
[2025-11-30 22:08:12] [INFO] Самолёт ID=A2 успешно добавлен (Passenger aircraft A310)
[2025-11-30 22:08:12] [INFO] Поиск самолёта с максимальной дальностью
[2025-11-30 22:08:12] [INFO] Максимальная дальность: 8000.0 у A2
[2025-11-30 22:08:12] [INFO] AircraftService инициализирован
[2025-11-30 22:08:12] [INFO] Попытка добавить самолёт ID=A1
[2025-11-30 22:08:12] [ERROR] Ошибка: отрицательная дальность -100.0
[2025-11-30 22:08:12] [INFO] AircraftService инициализирован
[2025-11-30 22:08:12] [INFO] Попытка добавить самолёт ID=A1
[2025-11-30 22:08:12] [INFO] Самолёт ID=A1 успешно добавлен (Passenger aircraft Boeing 737)
[2025-11-30 22:08:12] [INFO] Поиск самолёта ID=A1
[2025-11-30 22:08:12] [INFO] Самолёт ID=A1 найден (Passenger aircraft Boeing 737)
[2025-11-30 22:08:12] [INFO] AircraftService инициализирован
[2025-11-30 22:08:12] [INFO] Попытка добавить самолёт ID=A1
[2025-11-30 22:08:12] [INFO] Самолёт ID=A1 успешно добавлен (Passenger aircraft Boeing 737)
[2025-11-30 22:08:12] [INFO] Попытка добавить самолёт ID=A1
[2025-11-30 22:08:12] [ERROR] Дубликат ID: A1
[2025-11-30 22:08:12] [INFO] AircraftService инициализирован
[2025-11-30 22:08:12] [INFO] Попытка добавить самолёт ID=A1
[2025-11-30 22:08:12] [INFO] Самолёт ID=A1 успешно добавлен (Passenger aircraft Boeing 737)
[2025-11-30 22:08:12] [INFO] Попытка добавить самолёт ID=A2
[2025-11-30 22:08:12] [INFO] Самолёт ID=A2 успешно добавлен (Passenger aircraft TU-154)
[2025-11-30 22:08:12] [INFO] Поиск самого старого самолёта
[2025-11-30 22:08:12] [INFO] Самый старый самолёт: 1990 года, ID=A2
[2025-11-30 22:08:12] [INFO] AircraftService инициализирован
[2025-11-30 22:08:12] [INFO] Попытка добавить самолёт ID=A1
[2025-11-30 22:08:12] [ERROR] Ошибка: отрицательная вместимость -10
[2025-11-30 22:08:12] [INFO] AircraftService инициализирован
[2025-11-30 22:08:12] [INFO] Попытка добавить самолёт ID=A1
[2025-11-30 22:08:12] [INFO] Самолёт ID=A1 успешно добавлен (Passenger aircraft Boeing 737)
[2025-11-30 22:08:12] [INFO] Попытка добавить самолёт ID=A2
[2025-11-30 22:08:12] [INFO] Самолёт ID=A2 успешно добавлен (Passenger aircraft A320)
[2025-11-30 22:08:12] [INFO] Расчёт средней вместимости
[2025-11-30 22:08:12] [INFO] AircraftService инициализирован
[2025-11-30 22:08:12] [INFO] Поиск самолёта ID=XXX
[2025-11-30 22:08:12] [WARN] Самолёт ID=XXX не найден
[2025-11-30 22:08:12] [INFO] AircraftService инициализирован
[2025-11-30 22:08:12] [INFO] Попытка удалить самолёт ID=QWERTY
[2025-11-30 22:08:12] [WARN] Удаление невозможно — ID=QWERTY не найден
[2025-11-30 22:08:12] [INFO] AircraftService инициализирован
[2025-11-30 22:08:12] [INFO] Попытка добавить самолёт ID=A1
[2025-11-30 22:08:12] [INFO] Самолёт ID=A1 успешно добавлен (Passenger aircraft Boeing 737)
[2025-11-30 22:08:12] [INFO] Поиск самолёта ID=A1
[2025-11-30 22:08:12] [INFO] Самолёт ID=A1 найден (Passenger aircraft Boeing 737)
[2025-11-30 22:08:12] [INFO] AircraftService инициализирован
[2025-11-30 22:08:12] [INFO] Попытка добавить самолёт ID=
[2025-11-30 22:08:12] [ERROR] Ошибка: ID пустой
[2025-11-30 22:08:12] [INFO] AircraftService инициализирован
[2025-11-30 22:08:12] [INFO] Попытка добавить самолёт ID=A1
[2025-11-30 22:08:12] [INFO] Самолёт ID=A1 успешно добавлен (Passenger aircraft Boeing 737)
[2025-11-30 22:08:12] [INFO] Попытка добавить самолёт ID=A2
[2025-11-30 22:08:12] [INFO] Самолёт ID=A2 успешно добавлен (Passenger aircraft Airbus A320)
[2025-11-30 22:08:12] [INFO] Получение списка всех самолётов (2 шт.)
[2025-11-30 22:08:42] [INFO] Загрузка данных из CSV: test_aircraft.csv
[2025-11-30 22:08:42] [WARN] CSV файл не найден, создаётся новый: test_aircraft.csv
[2025-11-30 22:08:42] [INFO] Добавлен самолёт ID=10
[2025-11-30 22:08:42] [INFO] Сохранение CSV в файл: test_aircraft.csv
[2025-11-30 22:08:42] [INFO] Сохранён самолёт: ID=10 Тип=Passenger aircraft Модель=m1
[2025-11-30 22:08:42] [INFO] CSV сохранён. Записано 1 строк.
[2025-11-30 22:08:42] [INFO] Загрузка данных из CSV: test_aircraft.csv
[2025-11-30 22:08:42] [INFO] Загружен самолёт ID=10 Тип=Passenger aircraft Модель=m1
[2025-11-30 22:08:42] [INFO] CSV загружен. Самолётов: 1
[2025-11-30 22:08:42] [INFO] Загрузка данных из CSV: test_aircraft.csv
[2025-11-30 22:08:42] [INFO] Загружен самолёт ID=1 Тип=Passenger aircraft Модель=a1
[2025-11-30 22:08:42] [INFO] Загружен самолёт ID=2 Тип=Cargo aircraft Модель=a2
[2025-11-30 22:08:42] [INFO] Загружен самолёт ID=3 Тип=Military aircraft Модель=a3
[2025-11-30 22:08:42] [INFO] CSV загружен. Самолётов: 3
[2025-11-30 22:08:42] [INFO] Загрузка данных из CSV: test_aircraft.csv
[2025-11-30 22:08:42] [WARN] CSV файл не найден, создаётся новый: test_aircraft.csv
[2025-11-30 22:08:42] [INFO] Добавлен самолёт ID=5
[2025-11-30 22:08:42] [INFO] Сохранение CSV в файл: test_aircraft.csv
[2025-11-30 22:08:42] [INFO] Сохранён самолёт: ID=5 Тип=Passenger aircraft Модель=m5
[2025-11-30 22:08:42] [INFO] CSV сохранён. Записано 1 строк.
[2025-11-30 22:08:42] [INFO] Удалён самолёт ID=5
[2025-11-30 22:08:42] [INFO] Сохранение CSV в файл: test_aircraft.csv
[2025-11-30 22:08:42] [INFO] CSV сохранён. Записано 0 строк.
[2025-11-30 22:08:42] [INFO] Загрузка данных из CSV: test_aircraft.csv
[2025-11-30 22:08:42] [INFO] CSV загружен. Самолётов: 0
[2025-11-30 22:10:16] [INFO] Загрузка данных из CSV: test_aircraft.csv
[2025-11-30 22:10:16] [WARN] CSV файл не найден, создаётся новый: test_aircraft.csv
[2025-11-30 22:10:16] [INFO] Добавлен самолёт ID=10
[2025-11-30 22:10:16] [INFO] Сохранение CSV в файл: test_aircraft.csv
[2025-11-30 22:10:16] [INFO] Сохранён самолёт: ID=10 Тип=Passenger aircraft Модель=m1
[2025-11-30 22:10:16] [INFO] CSV сохранён. Записано 1 строк.
[2025-11-30 22:10:16] [INFO] Загрузка данных из CSV: test_aircraft.csv
[2025-11-30 22:10:16] [INFO] Загружен самолёт ID=10 Тип=Passenger aircraft Модель=m1
[2025-11-30 22:10:16] [INFO] CSV загружен. Самолётов: 1
[2025-11-30 22:10:16] [INFO] Загрузка данных из CSV: test_aircraft.csv
[2025-11-30 22:10:16] [INFO] Загружен самолёт ID=1 Тип=Passenger aircraft Модель=a1
[2025-11-30 22:10:16] [INFO] Загружен самолёт ID=2 Тип=Cargo aircraft Модель=a2
[2025-11-30 22:10:16] [INFO] Загружен самолёт ID=3 Тип=Military aircraft Модель=a3
[2025-11-30 22:10:16] [INFO] CSV загружен. Самолётов: 3
[2025-11-30 22:10:16] [INFO] Загрузка данных из CSV: test_aircraft.csv
[2025-11-30 22:10:16] [WARN] CSV файл не найден, создаётся новый: test_aircraft.csv
[2025-11-30 22:10:16] [INFO] Добавлен самолёт ID=5
[2025-11-30 22:10:16] [INFO] Сохранение CSV в файл: test_aircraft.csv
[2025-11-30 22:10:16] [INFO] Сохранён самолёт: ID=5 Тип=Passenger aircraft Модель=m5
[2025-11-30 22:10:16] [INFO] CSV сохранён. Записано 1 строк.
[2025-11-30 22:10:16] [INFO] Удалён самолёт ID=5
[2025-11-30 22:10:16] [INFO] Сохранение CSV в файл: test_aircraft.csv
[2025-11-30 22:10:16] [INFO] CSV сохранён. Записано 0 строк.
[2025-11-30 22:10:16] [INFO] Загрузка данных из CSV: test_aircraft.csv
[2025-11-30 22:10:16] [INFO] CSV загружен. Самолётов: 0
[2025-11-30 22:52:25] [INFO] Загрузка данных из CSV: test_aircraft.csv
[2025-11-30 22:52:25] [WARN] CSV файл не найден, создаётся новый: test_aircraft.csv
[2025-11-30 22:52:25] [INFO] Добавлен самолёт ID=10
[2025-11-30 22:52:25] [INFO] Сохранение CSV в файл: test_aircraft.csv
[2025-11-30 22:52:25] [INFO] Сохранён самолёт: ID=10 Тип=Passenger aircraft Модель=m1
[2025-11-30 22:52:25] [INFO] CSV сохранён. Записано 1 строк.
[2025-11-30 22:52:25] [INFO] Загрузка данных из CSV: test_aircraft.csv
[2025-11-30 22:52:25] [INFO] Загружен самолёт ID=10 Тип=Passenger aircraft Модель=m1
[2025-11-30 22:52:25] [INFO] CSV загружен. Самолётов: 1
[2025-11-30 22:52:25] [INFO] Загрузка данных из CSV: test_aircraft.csv
[2025-11-30 22:52:25] [INFO] Загружен самолёт ID=1 Тип=Passenger aircraft Модель=a1
[2025-11-30 22:52:25] [INFO] Загружен самолёт ID=2 Тип=Cargo aircraft Модель=a2
[2025-11-30 22:52:25] [INFO] Загружен самолёт ID=3 Тип=Military aircraft Модель=a3
[2025-11-30 22:52:25] [INFO] CSV загружен. Самолётов: 3
[2025-11-30 22:52:25] [INFO] Загрузка данных из CSV: test_aircraft.csv
[2025-11-30 22:52:25] [WARN] CSV файл не найден, создаётся новый: test_aircraft.csv
[2025-11-30 22:52:25] [INFO] Добавлен самолёт ID=5
[2025-11-30 22:52:25] [INFO] Сохранение CSV в файл: test_aircraft.csv
[2025-11-30 22:52:25] [INFO] Сохранён самолёт: ID=5 Тип=Passenger aircraft Модель=m5
[2025-11-30 22:52:25] [INFO] CSV сохранён. Записано 1 строк.
[2025-11-30 22:52:25] [INFO] Удалён самолёт ID=5
[2025-11-30 22:52:25] [INFO] Сохранение CSV в файл: test_aircraft.csv
[2025-11-30 22:52:25] [INFO] CSV сохранён. Записано 0 строк.
[2025-11-30 22:52:25] [INFO] Загрузка данных из CSV: test_aircraft.csv
[2025-11-30 22:52:25] [INFO] CSV загружен. Самолётов: 0
[2025-11-30 22:52:32] [ERROR] Проверка ERROR
[2025-11-30 22:52:32] [INFO] Загрузка данных из CSV: data/aircrafts.csv
[2025-11-30 22:52:32] [INFO] Загружен самолёт ID=1 Тип=Passenger aircraft Модель=a1
[2025-11-30 22:52:32] [INFO] CSV загружен. Самолётов: 1
[2025-11-30 22:52:32] [INFO] AircraftService инициализирован
[2025-11-30 22:53:03] [ERROR] Проверка ERROR
[2025-11-30 22:53:03] [INFO] Загрузка данных из CSV: data/aircrafts.csv
[2025-11-30 22:53:03] [INFO] Загружен самолёт ID=1 Тип=Passenger aircraft Модель=a1
[2025-11-30 22:53:03] [INFO] CSV загружен. Самолётов: 1
[2025-11-30 22:53:03] [INFO] AircraftService инициализирован
[2025-11-30 22:53:50] [INFO] Попытка добавить самолёт ID=5
[2025-11-30 22:53:50] [INFO] Добавлен самолёт ID=5
[2025-11-30 22:53:50] [INFO] Сохранение CSV в файл: data/aircrafts.csv
[2025-11-30 22:53:50] [INFO] Сохранён самолёт: ID=1 Тип=Passenger aircraft Модель=a1
[2025-11-30 22:53:50] [INFO] Сохранён самолёт: ID=5 Тип=Passenger aircraft Модель=hui
[2025-11-30 22:53:50] [INFO] CSV сохранён. Записано 2 строк.
[2025-11-30 22:53:50] [INFO] Самолёт ID=5 успешно добавлен (Passenger aircraft hui)
[2025-11-30 23:04:35] [ERROR] Проверка ERROR
[2025-11-30 23:04:35] [INFO] Загрузка данных из CSV: data/aircrafts.csv
[2025-11-30 23:04:35] [INFO] Загружен самолёт ID=1 Тип=Passenger aircraft Модель=a1
[2025-11-30 23:04:35] [INFO] Загружен самолёт ID=5 Тип=Passenger aircraft Модель=hui
[2025-11-30 23:04:35] [INFO] CSV загружен. Самолётов: 2
[2025-11-30 23:04:35] [INFO] AircraftService инициализирован
[2025-12-01 00:24:58] [ERROR] Проверка ERROR
[2025-12-01 00:24:58] [INFO] Загрузка данных из CSV: data/aircrafts.csv
[2025-12-01 00:24:58] [INFO] Загружен самолёт ID=1 Тип=Passenger aircraft Модель=a1
[2025-12-01 00:24:58] [INFO] Загружен самолёт ID=5 Тип=Passenger aircraft Модель=hui
[2025-12-01 00:24:58] [INFO] CSV загружен. Самолётов: 2
[2025-12-01 00:24:58] [INFO] AircraftService инициализирован
[2025-12-01 00:25:39] [ERROR] Проверка ERROR
[2025-12-01 00:25:39] [INFO] Загрузка данных из CSV: data/aircrafts.csv
[2025-12-01 00:25:39] [INFO] Загружен самолёт ID=1 Тип=Passenger aircraft Модель=a1
[2025-12-01 00:25:39] [INFO] CSV загружен. Самолётов: 1
[2025-12-01 00:25:39] [INFO] AircraftService инициализирован
[2025-12-01 01:12:09] [INFO] Загрузка данных из CSV: aircrafts.csv
[2025-12-01 01:12:09] [WARN] CSV файл не найден, создаётся новый: aircrafts.csv
[2025-12-01 01:12:09] [INFO] AircraftService инициализирован
[2025-12-01 01:12:09] [INFO] Получение списка всех самолётов (0 шт.)
[2025-12-01 01:13:10] [INFO] Попытка добавить самолёт ID=123
[2025-12-01 01:13:10] [INFO] Добавлен самолёт ID=123
[2025-12-01 01:13:10] [INFO] Сохранение CSV в файл: aircrafts.csv
[2025-12-01 01:13:10] [INFO] Сохранён самолёт: ID=123 Тип=Passenger aircraft Модель=airbus
[2025-12-01 01:13:10] [INFO] CSV сохранён. Записано 1 строк.
[2025-12-01 01:13:10] [INFO] Самолёт ID=123 успешно добавлен (Passenger aircraft airbus)
[2025-12-01 01:13:10] [INFO] Получение списка всех самолётов (1 шт.)
[2025-12-01 01:13:24] [INFO] Получение списка всех самолётов (1 шт.)
[2025-12-01 01:13:26] [INFO] Расчёт средней вместимости
[2025-12-01 01:13:26] [INFO] Поиск самолёта с максимальной дальностью
[2025-12-01 01:13:26] [INFO] Максимальная дальность: 12000.0 у 123
[2025-12-01 01:13:26] [INFO] Поиск самого старого самолёта
[2025-12-01 01:13:26] [INFO] Самый старый самолёт: 2025 года, ID=123
[2025-12-01 01:13:49] [ERROR] Проверка ERROR
[2025-12-01 01:13:49] [INFO] Загрузка данных из CSV: data/aircrafts.csv
[2025-12-01 01:13:49] [INFO] Загружен самолёт ID=1 Тип=Passenger aircraft Модель=a1
[2025-12-01 01:13:49] [INFO] CSV загружен. Самолётов: 1
[2025-12-01 01:13:49] [INFO] AircraftService инициализирован
[2025-12-01 01:13:53] [INFO] Получение списка всех самолётов (1 шт.)
[2025-12-01 01:14:02] [INFO] Попытка удалить самолёт ID=1
[2025-12-01 01:14:02] [INFO] Удалён самолёт ID=1
[2025-12-01 01:14:02] [INFO] Сохранение CSV в файл: data/aircrafts.csv
[2025-12-01 01:14:02] [INFO] CSV сохранён. Записано 0 строк.
[2025-12-01 01:14:02] [INFO] Самолёт ID=1 удалён (Passenger aircraft a1)
[2025-12-01 01:25:04] [ERROR] Проверка ERROR лога
[2025-12-01 01:25:04] [INFO] Загрузка данных из CSV: data/aircrafts.csv
[2025-12-01 01:25:04] [INFO] CSV загружен. Самолётов: 0
[2025-12-01 01:25:04] [INFO] AircraftService инициализирован
[2025-12-01 01:26:47] [INFO] Попытка добавить самолёт ID=a1
[2025-12-01 01:26:47] [INFO] Добавлен самолёт ID=a1
[2025-12-01 01:26:47] [INFO] Сохранение CSV в файл: data/aircrafts.csv
[2025-12-01 01:26:47] [INFO] Сохранён самолёт: ID=a1 Тип=Passenger aircraft Модель=airbus777
[2025-12-01 01:26:47] [INFO] CSV сохранён. Записано 1 строк.
[2025-12-01 01:26:47] [INFO] Самолёт ID=a1 успешно добавлен (Passenger aircraft airbus777)
[2025-12-01 01:26:56] [INFO] Получение списка всех самолётов (1 шт.)
[2025-12-01 01:27:16] [INFO] Загрузка данных из CSV: data/aircrafts.csv
[2025-12-01 01:27:16] [INFO] Загружен самолёт ID=a1 Тип=Passenger aircraft Модель=airbus777
[2025-12-01 01:27:16] [INFO] CSV загружен. Самолётов: 1
[2025-12-01 01:27:16] [INFO] AircraftService инициализирован
[2025-12-01 01:27:16] [INFO] Получение списка всех самолётов (1 шт.)
[2025-12-01 01:27:21] [INFO] Получение списка всех самолётов (1 шт.)
[2025-12-01 01:27:22] [INFO] Получение списка всех самолётов (1 шт.)
[2025-12-01 01:27:22] [INFO] Получение списка всех самолётов (1 шт.)
[2025-12-01 01:27:22] [INFO] Расчёт средней вместимости
[2025-12-01 01:27:22] [INFO] Поиск самолёта с максимальной дальностью
[2025-12-01 01:27:22] [INFO] Максимальная дальность: 12000.0 у a1
[2025-12-01 01:27:22] [INFO] Поиск самого старого самолёта
[2025-12-01 01:27:22] [INFO] Самый старый самолёт: 2020 года, ID=a1
[2025-12-01 01:28:23] [INFO] Попытка добавить самолёт ID=a2
[2025-12-01 01:28:23] [INFO] Добавлен самолёт ID=a2
[2025-12-01 01:28:23] [INFO] Сохранение CSV в файл: data/aircrafts.csv
[2025-12-01 01:28:23] [INFO] Сохранён самолёт: ID=a1 Тип=Passenger aircraft Модель=airbus777
[2025-12-01 01:28:23] [INFO] Сохранён самолёт: ID=a2 Тип=Military aircraft Модель=airgun67
[2025-12-01 01:28:23] [INFO] CSV сохранён. Записано 2 строк.
[2025-12-01 01:28:23] [INFO] Самолёт ID=a2 успешно добавлен (Military aircraft airgun67)
[2025-12-01 01:28:23] [INFO] Получение списка всех самолётов (2 шт.)
[2025-12-01 01:29:33] [INFO] Загрузка данных из CSV: data/aircrafts.csv
[2025-12-01 01:29:33] [INFO] Загружен самолёт ID=a1 Тип=Passenger aircraft Модель=airbus777
[2025-12-01 01:29:33] [INFO] Загружен самолёт ID=a2 Тип=Military aircraft Модель=airgun67
[2025-12-01 01:29:33] [INFO] CSV загружен. Самолётов: 2
[2025-12-01 01:29:33] [INFO] AircraftService инициализирован
[2025-12-01 01:29:34] [INFO] Получение списка всех самолётов (2 шт.)
[2025-12-01 01:29:38] [INFO] Расчёт средней вместимости
[2025-12-01 01:29:38] [INFO] Поиск самолёта с максимальной дальностью
[2025-12-01 01:29:38] [INFO] Максимальная дальность: 12000.0 у a1
[2025-12-01 01:29:38] [INFO] Поиск самого старого самолёта
[2025-12-01 01:29:38] [INFO] Самый старый самолёт: 2020 года, ID=a1
[2025-12-01 01:29:43] [INFO] Расчёт средней вместимости
[2025-12-01 01:29:43] [INFO] Поиск самолёта с максимальной дальностью
[2025-12-01 01:29:43] [INFO] Максимальная дальность: 12000.0 у a1
[2025-12-01 01:29:43] [INFO] Поиск самого старого самолёта
[2025-12-01 01:29:43] [INFO] Самый старый самолёт: 2020 года, ID=a1
[2025-12-01 01:29:45] [INFO] Расчёт средней вместимости
[2025-12-01 01:29:45] [INFO] Поиск самолёта с максимальной дальностью
[2025-12-01 01:29:45] [INFO] Максимальная дальность: 12000.0 у a1
[2025-12-01 01:29:45] [INFO] Поиск самого старого самолёта
[2025-12-01 01:29:45] [INFO] Самый старый самолёт: 2020 года, ID=a1
[2025-12-01 01:29:48] [INFO] Расчёт средней вместимости
[2025-12-01 01:29:48] [INFO] Поиск самолёта с максимальной дальностью
[2025-12-01 01:29:48] [INFO] Максимальная дальность: 12000.0 у a1
[2025-12-01 01:29:48] [INFO] Поиск самого старого самолёта
[2025-12-01 01:29:48] [INFO] Самый старый самолёт: 2020 года, ID=a1
[2025-12-01 01:30:22] [INFO] Загрузка данных из CSV: data/aircrafts.csv
[2025-12-01 01:30:22] [INFO] Загружен самолёт ID=a1 Тип=Passenger aircraft Модель=airbus777
[2025-12-01 01:30:22] [INFO] Загружен самолёт ID=a2 Тип=Military aircraft Модель=airgun67
[2025-12-01 01:30:22] [INFO] CSV загружен. Самолётов: 2
[2025-12-01 01:30:22] [INFO] AircraftService инициализирован
[2025-12-01 01:30:22] [INFO] Получение списка всех самолётов (2 шт.)
[2025-12-01 01:45:47] [INFO] Загрузка данных из CSV: data/aircrafts.csv
[2025-12-01 01:45:47] [INFO] Загружен самолёт ID=a1 Тип=Passenger aircraft Модель=airbus777
[2025-12-01 01:45:47] [INFO] Загружен самолёт ID=a2 Тип=Military aircraft Модель=airgun67
[2025-12-01 01:45:47] [INFO] CSV загружен. Самолётов: 2
[2025-12-01 01:45:47] [INFO] AircraftService инициализирован
[2025-12-01 01:45:47] [INFO] Получение списка всех самолётов (2 шт.)
[2025-12-01 01:55:04] [INFO] Загрузка данных из CSV: data/aircrafts.csv
[2025-12-01 01:55:04] [INFO] Загружен самолёт ID=a1 Тип=Passenger aircraft Модель=airbus777
[2025-12-01 01:55:04] [INFO] Загружен самолёт ID=a2 Тип=Military aircraft Модель=airgun67
[2025-12-01 01:55:04] [INFO] CSV загружен. Самолётов: 2
[2025-12-01 01:55:04] [INFO] AircraftService инициализирован
[2025-12-01 01:55:04] [INFO] Получение списка всех самолётов (2 шт.)
[2025-12-01 01:56:01] [INFO] Попытка добавить самолёт ID=a3
[2025-12-01 01:56:01] [INFO] Добавлен самолёт ID=a3
[2025-12-01 01:56:01] [INFO] Сохранение CSV в файл: data/aircrafts.csv
[2025-12-01 01:56:01] [INFO] Сохранён самолёт: ID=a1 Тип=Passenger aircraft Модель=airbus777
[2025-12-01 01:56:01] [INFO] Сохранён самолёт: ID=a2 Тип=Military aircraft Модель=airgun67
[2025-12-01 01:56:01] [INFO] Сохранён самолёт: ID=a3 Тип=Cargo aircraft Модель=cargoO66
[2025-12-01 01:56:01] [INFO] CSV сохранён. Записано 3 строк.
[2025-12-01 01:56:01] [INFO] Самолёт ID=a3 успешно добавлен (Cargo aircraft cargoO66)
[2025-12-01 01:56:01] [INFO] Получение списка всех самолётов (3 шт.)
[2025-12-01 02:04:46] [INFO] Загрузка данных из CSV: data/aircrafts.csv
[2025-12-01 02:04:46] [INFO] Загружен самолёт ID=a1 Тип=Passenger aircraft Модель=airbus777
[2025-12-01 02:04:46] [INFO] Загружен самолёт ID=a2 Тип=Military aircraft Модель=airgun67
[2025-12-01 02:04:46] [INFO] Загружен самолёт ID=a3 Тип=Cargo aircraft Модель=cargoO66
[2025-12-01 02:04:46] [INFO] CSV загружен. Самолётов: 3
[2025-12-01 02:04:46] [INFO] AircraftService инициализирован
[2025-12-01 02:04:47] [INFO] Получение списка всех самолётов (3 шт.)
[2025-12-01 02:05:10] [INFO] Получение списка всех самолётов (3 шт.)
[2025-12-01 02:05:10] [INFO] Поиск самолёта с максимальной дальностью
[2025-12-01 02:05:10] [INFO] Максимальная дальность: 20000.0 у a3
[2025-12-01 02:05:10] [INFO] Поиск самого старого самолёта
[2025-12-01 02:05:10] [INFO] Самый старый самолёт: 2020 года, ID=a1
[2025-12-01 02:05:10] [INFO] Расчёт средней вместимости
[2025-12-01 02:30:37] [INFO] Загрузка данных из CSV: data/aircrafts.csv
[2025-12-01 02:30:37] [INFO] Загружен самолёт ID=a1 Тип=Passenger aircraft Модель=airbus777
[2025-12-01 02:30:37] [INFO] Загружен самолёт ID=a2 Тип=Military aircraft Модель=airgun67
[2025-12-01 02:30:37] [INFO] Загружен самолёт ID=a3 Тип=Cargo aircraft Модель=cargoO66
[2025-12-01 02:30:37] [INFO] CSV загружен. Самолётов: 3
[2025-12-01 02:30:37] [INFO] AircraftService инициализирован
[2025-12-01 02:30:37] [INFO] Получение списка всех самолётов (3 шт.)
[2025-12-01 02:30:41] [INFO] Получение списка всех самолётов (3 шт.)
[2025-12-02 12:13:49] [INFO] Загрузка данных из CSV: data/aircrafts.csv
[2025-12-02 12:13:49] [INFO] Загружен самолёт ID=a1 Тип=Passenger aircraft Модель=airbus777
[2025-12-02 12:13:49] [INFO] Загружен самолёт ID=a2 Тип=Military aircraft Модель=airgun67
[2025-12-02 12:13:49] [INFO] Загружен самолёт ID=a3 Тип=Cargo aircraft Модель=cargoO66
[2025-12-02 12:13:49] [INFO] CSV загружен. Самолётов: 3
[2025-12-02 12:13:49] [INFO] AircraftService инициализирован
[2025-12-02 12:13:50] [INFO] Получение списка всех самолётов (3 шт.)
[2025-12-02 12:15:04] [INFO] Получение списка всех самолётов (3 шт.)
[2025-12-02 12:16:06] [INFO] Попытка добавить самолёт ID=a4
[2025-12-02 12:16:06] [INFO] Добавлен самолёт ID=a4
[2025-12-02 12:16:06] [INFO] Сохранение CSV в файл: data/aircrafts.csv
[2025-12-02 12:16:06] [INFO] Сохранён самолёт: ID=a1 Тип=Passenger aircraft Модель=airbus777
[2025-12-02 12:16:06] [INFO] Сохранён самолёт: ID=a2 Тип=Military aircraft Модель=airgun67
[2025-12-02 12:16:06] [INFO] Сохранён самолёт: ID=a3 Тип=Cargo aircraft Модель=cargoO66
[2025-12-02 12:16:06] [INFO] Сохранён самолёт: ID=a4 Тип=Military aircraft Модель=bigboy67
[2025-12-02 12:16:06] [INFO] CSV сохранён. Записано 4 строк.
[2025-12-02 12:16:06] [INFO] Самолёт ID=a4 успешно добавлен (Military aircraft bigboy67)
[2025-12-02 12:16:06] [INFO] Получение списка всех самолётов (4 шт.)
[2025-12-02 12:16:11] [INFO] Получение списка всех самолётов (4 шт.)
[2025-12-02 12:16:12] [INFO] Получение списка всех самолётов (4 шт.)
[2025-12-02 12:16:12] [INFO] Получение списка всех самолётов (4 шт.)
[2025-12-02 12:16:12] [INFO] Получение списка всех самолётов (4 шт.)
[2025-12-02 12:16:13] [INFO] Получение списка всех самолётов (4 шт.)
[2025-12-02 12:16:35] [INFO] Загрузка данных из CSV: data/aircrafts.csv
[2025-12-02 12:16:35] [INFO] Загружен самолёт ID=a1 Тип=Passenger aircraft Модель=airbus777
[2025-12-02 12:16:35] [INFO] Загружен самолёт ID=a2 Тип=Military aircraft Модель=airgun67
[2025-12-02 12:16:35] [INFO] Загружен самолёт ID=a3 Тип=Cargo aircraft Модель=cargoO66
[2025-12-02 12:16:35] [INFO] Загружен самолёт ID=a4 Тип=Military aircraft Модель=bigboy67
[2025-12-02 12:16:35] [INFO] CSV загружен. Самолётов: 4
[2025-12-02 12:16:35] [INFO] AircraftService инициализирован
[2025-12-02 12:16:35] [INFO] Получение списка всех самолётов (4 шт.)
[2025-12-02 12:16:38] [INFO] Получение списка всех самолётов (4 шт.)
[2025-12-02 12:16:47] [INFO] Получение списка всех самолётов (4 шт.)
[2025-12-02 12:16:55] [INFO] Получение списка всех самолётов (4 шт.)
[2025-12-02 12:16:59] [INFO] Получение списка всех самолётов (4 шт.)
[2025-12-02 12:17:02] [INFO] Попытка удалить самолёт ID=a4
[2025-12-02 12:17:02] [INFO] Удалён самолёт ID=a4
[2025-12-02 12:17:02] [INFO] Сохранение CSV в файл: data/aircrafts.csv
[2025-12-02 12:17:02] [INFO] Сохранён самолёт: ID=a1 Тип=Passenger aircraft Модель=airbus777
[2025-12-02 12:17:02] [INFO] Сохранён самолёт: ID=a2 Тип=Military aircraft Модель=airgun67
[2025-12-02 12:17:02] [INFO] Сохранён самолёт: ID=a3 Тип=Cargo aircraft Модель=cargoO66
[2025-12-02 12:17:02] [INFO] CSV сохранён. Записано 3 строк.
[2025-12-02 12:17:02] [INFO] Самолёт ID=a4 удалён (Military aircraft bigboy67)
[2025-12-02 12:17:02] [INFO] Получение списка всех самолётов (3 шт.)
[2025-12-02 12:17:04] [INFO] Получение списка всех самолётов (3 шт.)
[2025-12-02 12:17:04] [INFO] Получение списка всех самолётов (3 шт.)
[2025-12-02 12:17:05] [INFO] Получение списка всех самолётов (3 шт.)
[2025-12-02 12:28:22] [INFO] Загрузка данных из CSV: data/aircrafts.csv
[2025-12-02 12:28:22] [INFO] Загружен самолёт ID=a1 Тип=Passenger aircraft Модель=airbus777
[2025-12-02 12:28:22] [INFO] Загружен самолёт ID=a2 Тип=Military aircraft Модель=airgun67
[2025-12-02 12:28:22] [INFO] Загружен самолёт ID=a3 Тип=Cargo aircraft Модель=cargoO66
[2025-12-02 12:28:22] [INFO] CSV загружен. Самолётов: 3
[2025-12-02 12:28:22] [INFO] AircraftService инициализирован
[2025-12-02 12:28:22] [INFO] Получение списка всех самолётов (3 шт.)
[2025-12-02 12:29:04] [INFO] Попытка добавить самолёт ID=a4
[2025-12-02 12:29:04] [INFO] Добавлен самолёт ID=a4
[2025-12-02 12:29:04] [INFO] Сохранение CSV в файл: data/aircrafts.csv
[2025-12-02 12:29:04] [INFO] Сохранён самолёт: ID=a1 Тип=Passenger aircraft Модель=airbus777
[2025-12-02 12:29:04] [INFO] Сохранён самолёт: ID=a2 Тип=Military aircraft Модель=airgun67
[2025-12-02 12:29:04] [INFO] Сохранён самолёт: ID=a3 Тип=Cargo aircraft Модель=cargoO66
[2025-12-02 12:29:04] [INFO] Сохранён самолёт: ID=a4 Тип=Passenger aircraft Модель=airbus120
[2025-12-02 12:29:04] [INFO] CSV сохранён. Записано 4 строк.
[2025-12-02 12:29:04] [INFO] Самолёт ID=a4 успешно добавлен (Passenger aircraft airbus120)
[2025-12-02 12:29:07] [INFO] Получение списка всех самолётов (4 шт.)
[2025-12-02 12:29:13] [INFO] Получение списка всех самолётов (4 шт.)
[2025-12-02 12:29:14] [INFO] Получение списка всех самолётов (4 шт.)
[2025-12-02 12:44:35] [INFO] Загрузка данных из CSV: data/aircrafts.csv
[2025-12-02 12:44:35] [INFO] Загружен самолёт ID=a1 Тип=Passenger aircraft Модель=airbus777
[2025-12-02 12:44:35] [INFO] Загружен самолёт ID=a2 Тип=Military aircraft Модель=airgun67
[2025-12-02 12:44:35] [INFO] Загружен самолёт ID=a3 Тип=Cargo aircraft Модель=cargoO66
[2025-12-02 12:44:35] [INFO] Загружен самолёт ID=a4 Тип=Passenger aircraft Модель=airbus120
[2025-12-02 12:44:35] [INFO] CSV загружен. Самолётов: 4
[2025-12-02 12:44:35] [INFO] AircraftService инициализирован
[2025-12-02 12:44:35] [INFO] Получение списка всех самолётов (4 шт.)
[2025-12-02 12:45:10] [INFO] Загрузка данных из CSV: data/aircrafts.csv
[2025-12-02 12:45:10] [INFO] Загружен самолёт ID=a1 Тип=Passenger aircraft Модель=airbus777
[2025-12-02 12:45:10] [INFO] Загружен самолёт ID=a2 Тип=Military aircraft Модель=airgun67
[2025-12-02 12:45:10] [INFO] Загружен самолёт ID=a3 Тип=Cargo aircraft Модель=cargoO66
[2025-12-02 12:45:10] [INFO] Загружен самолёт ID=a4 Тип=Passenger aircraft Модель=airbus120
[2025-12-02 12:45:10] [INFO] CSV загружен. Самолётов: 4
[2025-12-02 12:45:10] [INFO] AircraftService инициализирован
[2025-12-02 12:45:11] [INFO] Получение списка всех самолётов (4 шт.)
[2025-12-02 12:45:20] [INFO] Получение списка всех самолётов (4 шт.)
[2025-12-02 12:45:20] [INFO] Получение списка всех самолётов (4 шт.)
[2025-12-02 12:45:20] [INFO] Получение списка всех самолётов (4 шт.)
[2025-12-02 12:45:21] [INFO] Получение списка всех самолётов (4 шт.)
[2025-12-02 12:45:22] [INFO] Получение списка всех самолётов (4 шт.)
[2025-12-02 12:45:22] [INFO] Получение списка всех самолётов (4 шт.)
[2025-12-02 12:53:07] [INFO] Загрузка данных из CSV: data/aircrafts.csv
[2025-12-02 12:53:07] [INFO] Загружен самолёт ID=a1 Тип=Passenger aircraft Модель=airbus777
[2025-12-02 12:53:07] [INFO] Загружен самолёт ID=a2 Тип=Military aircraft Модель=airgun67
[2025-12-02 12:53:07] [INFO] Загружен самолёт ID=a3 Тип=Cargo aircraft Модель=cargoO66
[2025-12-02 12:53:07] [INFO] Загружен самолёт ID=a4 Тип=Passenger aircraft Модель=airbus120
[2025-12-02 12:53:07] [INFO] CSV загружен. Самолётов: 4
[2025-12-02 12:53:07] [INFO] AircraftService инициализирован
[2025-12-02 12:53:07] [INFO] Получение списка всех самолётов (4 шт.)
[2025-12-02 12:53:23] [INFO] Загрузка данных из CSV: data/aircrafts.csv
[2025-12-02 12:53:23] [INFO] Загружен самолёт ID=a1 Тип=Passenger aircraft Модель=airbus777
[2025-12-02 12:53:23] [INFO] Загружен самолёт ID=a2 Тип=Military aircraft Модель=airgun67
[2025-12-02 12:53:23] [INFO] Загружен самолёт ID=a3 Тип=Cargo aircraft Модель=cargoO66
[2025-12-02 12:53:23] [INFO] Загружен самолёт ID=a4 Тип=Passenger aircraft Модель=airbus120
[2025-12-02 12:53:23] [INFO] CSV загружен. Самолётов: 4
[2025-12-02 12:53:23] [INFO] AircraftService инициализирован
[2025-12-02 12:53:24] [INFO] Получение списка всех самолётов (4 шт.)
[2025-12-02 12:53:30] [INFO] Попытка удалить самолёт ID=a3
[2025-12-02 12:53:30] [INFO] Удалён самолёт ID=a3
[2025-12-02 12:53:30] [INFO] Сохранение CSV в файл: data/aircrafts.csv
[2025-12-02 12:53:30] [INFO] Сохранён самолёт: ID=a1 Тип=Passenger aircraft Модель=airbus777
[2025-12-02 12:53:30] [INFO] Сохранён самолёт: ID=a2 Тип=Military aircraft Модель=airgun67
[2025-12-02 12:53:30] [INFO] Сохранён самолёт: ID=a4 Тип=Passenger aircraft Модель=airbus120
[2025-12-02 12:53:30] [INFO] CSV сохранён. Записано 3 строк.
[2025-12-02 12:53:30] [INFO] Самолёт ID=a3 удалён (Cargo aircraft cargoO66)
[2025-12-02 12:53:32] [INFO] Получение списка всех самолётов (3 шт.)
[2025-12-02 12:53:42] [INFO] Получение списка всех самолётов (3 шт.)
[2025-12-02 12:53:59] [INFO] Получение списка всех самолётов (3 шт.)
[2025-12-02 12:57:47] [INFO] Загрузка данных из CSV: data/aircrafts.csv
[2025-12-02 12:57:47] [INFO] Загружен самолёт ID=a1 Тип=Passenger aircraft Модель=airbus777
[2025-12-02 12:57:47] [INFO] Загружен самолёт ID=a2 Тип=Military aircraft Модель=airgun67
[2025-12-02 12:57:47] [INFO] Загружен самолёт ID=a4 Тип=Passenger aircraft Модель=airbus120
[2025-12-02 12:57:47] [INFO] CSV загружен. Самолётов: 3
[2025-12-02 12:57:47] [INFO] AircraftService инициализирован
[2025-12-02 12:57:47] [INFO] Получение списка всех самолётов (3 шт.)
[2025-12-02 12:59:26] [INFO] Загрузка данных из CSV: data/aircrafts.csv
[2025-12-02 12:59:26] [INFO] Загружен самолёт ID=a1 Тип=Passenger aircraft Модель=airbus777
[2025-12-02 12:59:26] [INFO] Загружен самолёт ID=a2 Тип=Military aircraft Модель=airgun67
[2025-12-02 12:59:26] [INFO] Загружен самолёт ID=a4 Тип=Passenger aircraft Модель=airbus120
[2025-12-02 12:59:26] [INFO] CSV загружен. Самолётов: 3
[2025-12-02 12:59:26] [INFO] AircraftService инициализирован
[2025-12-02 12:59:27] [INFO] Получение списка всех самолётов (3 шт.)
[2025-12-02 13:00:08] [INFO] Попытка добавить самолёт ID=a3
[2025-12-02 13:00:08] [INFO] Добавлен самолёт ID=a3
[2025-12-02 13:00:08] [INFO] Сохранение CSV в файл: data/aircrafts.csv
[2025-12-02 13:00:08] [INFO] Сохранён самолёт: ID=a1 Тип=Passenger aircraft Модель=airbus777
[2025-12-02 13:00:08] [INFO] Сохранён самолёт: ID=a2 Тип=Military aircraft Модель=airgun67
[2025-12-02 13:00:08] [INFO] Сохранён самолёт: ID=a4 Тип=Passenger aircraft Модель=airbus120
[2025-12-02 13:00:08] [INFO] Сохранён самолёт: ID=a3 Тип=Passenger aircraft Модель=aircraftinho
[2025-12-02 13:00:08] [INFO] CSV сохранён. Записано 4 строк.
[2025-12-02 13:00:08] [INFO] Самолёт ID=a3 успешно добавлен (Passenger aircraft aircraftinho)
[2025-12-02 13:00:35] [INFO] Загрузка данных из CSV: data/aircrafts.csv
[2025-12-02 13:00:35] [INFO] Загружен самолёт ID=a1 Тип=Passenger aircraft Модель=airbus777
[2025-12-02 13:00:35] [INFO] Загружен самолёт ID=a2 Тип=Military aircraft Модель=airgun67
[2025-12-02 13:00:35] [INFO] Загружен самолёт ID=a4 Тип=Passenger aircraft Модель=airbus120
[2025-12-02 13:00:35] [INFO] Загружен самолёт ID=a3 Тип=Passenger aircraft Модель=aircraftinho
[2025-12-02 13:00:35] [INFO] CSV загружен. Самолётов: 4
[2025-12-02 13:00:35] [INFO] AircraftService инициализирован
[2025-12-02 13:00:35] [INFO] Получение списка всех самолётов (4 шт.)
[2025-12-02 13:00:42] [INFO] Получение списка всех самолётов (4 шт.)
[2025-12-02 13:12:41] [INFO] Загрузка данных из CSV: test_aircraft.csv
[2025-12-02 13:12:41] [WARN] CSV файл не найден, создаётся новый: test_aircraft.csv
[2025-12-02 13:12:41] [INFO] Добавлен самолёт ID=10
[2025-12-02 13:12:41] [INFO] Сохранение CSV в файл: test_aircraft.csv
[2025-12-02 13:12:41] [INFO] Сохранён самолёт: ID=10 Тип=Passenger aircraft Модель=m1
[2025-12-02 13:12:41] [INFO] CSV сохранён. Записано 1 строк.
[2025-12-02 13:12:41] [INFO] Загрузка данных из CSV: test_aircraft.csv
[2025-12-02 13:12:41] [INFO] Загружен самолёт ID=10 Тип=Passenger aircraft Модель=m1
[2025-12-02 13:12:41] [INFO] CSV загружен. Самолётов: 1
[2025-12-02 13:12:41] [INFO] Загрузка данных из CSV: test_aircraft.csv
[2025-12-02 13:12:41] [INFO] Загружен самолёт ID=1 Тип=Passenger aircraft Модель=a1
[2025-12-02 13:12:41] [INFO] Загружен самолёт ID=2 Тип=Cargo aircraft Модель=a2
[2025-12-02 13:12:41] [INFO] Загружен самолёт ID=3 Тип=Military aircraft Модель=a3
[2025-12-02 13:12:41] [INFO] CSV загружен. Самолётов: 3
[2025-12-02 13:12:41] [INFO] Загрузка данных из CSV: test_aircraft.csv
[2025-12-02 13:12:41] [WARN] CSV файл не найден, создаётся новый: test_aircraft.csv
[2025-12-02 13:12:41] [INFO] Добавлен самолёт ID=5
[2025-12-02 13:12:41] [INFO] Сохранение CSV в файл: test_aircraft.csv
[2025-12-02 13:12:41] [INFO] Сохранён самолёт: ID=5 Тип=Passenger aircraft Модель=m5
[2025-12-02 13:12:41] [INFO] CSV сохранён. Записано 1 строк.
[2025-12-02 13:12:41] [INFO] Удалён самолёт ID=5
[2025-12-02 13:12:41] [INFO] Сохранение CSV в файл: test_aircraft.csv
[2025-12-02 13:12:41] [INFO] CSV сохранён. Записано 0 строк.
[2025-12-02 13:12:41] [INFO] Загрузка данных из CSV: test_aircraft.csv
[2025-12-02 13:12:41] [INFO] CSV загружен. Самолётов: 0
[2025-12-02 13:13:26] [INFO] AircraftService инициализирован
[2025-12-02 13:13:26] [INFO] Попытка добавить самолёт ID=A1
[2025-12-02 13:13:26] [INFO] Самолёт ID=A1 успешно добавлен (Passenger aircraft Boeing 737)
[2025-12-02 13:13:26] [INFO] Попытка удалить самолёт ID=A1
[2025-12-02 13:13:26] [INFO] Самолёт ID=A1 удалён (Passenger aircraft Boeing 737)
[2025-12-02 13:13:26] [INFO] Поиск самолёта ID=A1
[2025-12-02 13:13:26] [WARN] Самолёт ID=A1 не найден
[2025-12-02 13:13:26] [INFO] AircraftService инициализирован
[2025-12-02 13:13:26] [INFO] Попытка добавить самолёт ID=A1
[2025-12-02 13:13:26] [INFO] Самолёт ID=A1 успешно добавлен (Passenger aircraft Boeing 737)
[2025-12-02 13:13:26] [INFO] Попытка добавить самолёт ID=A2
[2025-12-02 13:13:26] [INFO] Самолёт ID=A2 успешно добавлен (Passenger aircraft A310)
[2025-12-02 13:13:26] [INFO] Поиск самолёта с максимальной дальностью
[2025-12-02 13:13:26] [INFO] Максимальная дальность: 8000.0 у A2
[2025-12-02 13:13:26] [INFO] AircraftService инициализирован
[2025-12-02 13:13:26] [INFO] Попытка добавить самолёт ID=A1
[2025-12-02 13:13:26] [ERROR] Ошибка: отрицательная дальность -100.0
[2025-12-02 13:13:26] [INFO] AircraftService инициализирован
[2025-12-02 13:13:26] [INFO] Попытка добавить самолёт ID=A1
[2025-12-02 13:13:26] [INFO] Самолёт ID=A1 успешно добавлен (Passenger aircraft Boeing 737)
[2025-12-02 13:13:26] [INFO] Поиск самолёта ID=A1
[2025-12-02 13:13:26] [INFO] Самолёт ID=A1 найден (Passenger aircraft Boeing 737)
[2025-12-02 13:13:26] [INFO] AircraftService инициализирован
[2025-12-02 13:13:26] [INFO] Попытка добавить самолёт ID=A1
[2025-12-02 13:13:26] [INFO] Самолёт ID=A1 успешно добавлен (Passenger aircraft Boeing 737)
[2025-12-02 13:13:26] [INFO] Попытка добавить самолёт ID=A1
[2025-12-02 13:13:26] [ERROR] Дубликат ID: A1
[2025-12-02 13:13:26] [INFO] AircraftService инициализирован
[2025-12-02 13:13:26] [INFO] Попытка добавить самолёт ID=A1
[2025-12-02 13:13:26] [INFO] Самолёт ID=A1 успешно добавлен (Passenger aircraft Boeing 737)
[2025-12-02 13:13:26] [INFO] Попытка добавить самолёт ID=A2
[2025-12-02 13:13:26] [INFO] Самолёт ID=A2 успешно добавлен (Passenger aircraft TU-154)
[2025-12-02 13:13:26] [INFO] Поиск самого старого самолёта
[2025-12-02 13:13:26] [INFO] Самый старый самолёт: 1990 года, ID=A2
[2025-12-02 13:13:26] [INFO] AircraftService инициализирован
[2025-12-02 13:13:26] [INFO] Попытка добавить самолёт ID=A1
[2025-12-02 13:13:26] [ERROR] Ошибка: отрицательная вместимость -10
[2025-12-02 13:13:26] [INFO] AircraftService инициализирован
[2025-12-02 13:13:26] [INFO] Попытка добавить самолёт ID=A1
[2025-12-02 13:13:26] [INFO] Самолёт ID=A1 успешно добавлен (Passenger aircraft Boeing 737)
[2025-12-02 13:13:26] [INFO] Попытка добавить самолёт ID=A2
[2025-12-02 13:13:26] [INFO] Самолёт ID=A2 успешно добавлен (Passenger aircraft A320)
[2025-12-02 13:13:26] [INFO] Расчёт средней вместимости
[2025-12-02 13:13:26] [INFO] AircraftService инициализирован
[2025-12-02 13:13:26] [INFO] Поиск самолёта ID=XXX
[2025-12-02 13:13:26] [WARN] Самолёт ID=XXX не найден
[2025-12-02 13:13:26] [INFO] AircraftService инициализирован
[2025-12-02 13:13:26] [INFO] Попытка удалить самолёт ID=QWERTY
[2025-12-02 13:13:26] [WARN] Удаление невозможно — ID=QWERTY не найден
[2025-12-02 13:13:26] [INFO] AircraftService инициализирован
[2025-12-02 13:13:26] [INFO] Попытка добавить самолёт ID=A1
[2025-12-02 13:13:26] [INFO] Самолёт ID=A1 успешно добавлен (Passenger aircraft Boeing 737)
[2025-12-02 13:13:26] [INFO] Поиск самолёта ID=A1
[2025-12-02 13:13:26] [INFO] Самолёт ID=A1 найден (Passenger aircraft Boeing 737)
[2025-12-02 13:13:26] [INFO] AircraftService инициализирован
[2025-12-02 13:13:26] [INFO] Попытка добавить самолёт ID=
[2025-12-02 13:13:26] [ERROR] Ошибка: ID пустой
[2025-12-02 13:13:26] [INFO] AircraftService инициализирован
[2025-12-02 13:13:26] [INFO] Попытка добавить самолёт ID=A1
[2025-12-02 13:13:26] [INFO] Самолёт ID=A1 успешно добавлен (Passenger aircraft Boeing 737)
[2025-12-02 13:13:26] [INFO] Попытка добавить самолёт ID=A2
[2025-12-02 13:13:26] [INFO] Самолёт ID=A2 успешно добавлен (Passenger aircraft Airbus A320)
[2025-12-02 13:13:26] [INFO] Получение списка всех самолётов (2 шт.)
[2025-12-02 13:15:12] [INFO] Загрузка данных из CSV: data/aircrafts.csv
[2025-12-02 13:15:12] [INFO] Загружен самолёт ID=a1 Тип=Passenger aircraft Модель=airbus777
[2025-12-02 13:15:12] [INFO] Загружен самолёт ID=a2 Тип=Military aircraft Модель=airgun67
[2025-12-02 13:15:12] [INFO] Загружен самолёт ID=a4 Тип=Passenger aircraft Модель=airbus120
[2025-12-02 13:15:12] [INFO] Загружен самолёт ID=a3 Тип=Passenger aircraft Модель=aircraftinho
[2025-12-02 13:15:12] [INFO] CSV загружен. Самолётов: 4
[2025-12-02 13:15:12] [INFO] AircraftService инициализирован
[2025-12-02 13:15:12] [INFO] Получение списка всех самолётов (4 шт.)
[2025-12-02 13:15:20] [INFO] Получение списка всех самолётов (4 шт.)
[2025-12-02 13:15:58] [INFO] Попытка добавить самолёт ID=a5
[2025-12-02 13:15:58] [ERROR] Ошибка: отрицательная дальность -2000.0
[2025-12-02 13:28:46] [INFO] Загрузка данных из CSV: data/aircrafts.csv
[2025-12-02 13:28:46] [INFO] Загружен самолёт ID=a1 Тип=Passenger aircraft Модель=airbus777
[2025-12-02 13:28:46] [INFO] Загружен самолёт ID=a2 Тип=Military aircraft Модель=airgun67
[2025-12-02 13:28:46] [INFO] Загружен самолёт ID=a4 Тип=Passenger aircraft Модель=airbus120
[2025-12-02 13:28:46] [INFO] Загружен самолёт ID=a3 Тип=Passenger aircraft Модель=aircraftinho
[2025-12-02 13:28:46] [INFO] CSV загружен. Самолётов: 4
[2025-12-02 13:28:46] [INFO] AircraftService инициализирован
[2025-12-02 13:28:46] [INFO] Получение списка всех самолётов (4 шт.)
[2025-12-02 13:29:19] [INFO] Попытка добавить самолёт ID=a5
[2025-12-02 13:29:19] [ERROR] Ошибка: отрицательная дальность -2000.0
[2025-12-02 13:29:53] [INFO] Загрузка данных из CSV: data/aircrafts.csv
[2025-12-02 13:29:53] [INFO] Загружен самолёт ID=a1 Тип=Passenger aircraft Модель=airbus777
[2025-12-02 13:29:53] [INFO] Загружен самолёт ID=a2 Тип=Military aircraft Модель=airgun67
[2025-12-02 13:29:53] [INFO] Загружен самолёт ID=a4 Тип=Passenger aircraft Модель=airbus120
[2025-12-02 13:29:53] [INFO] Загружен самолёт ID=a3 Тип=Passenger aircraft Модель=aircraftinho
[2025-12-02 13:29:53] [INFO] CSV загружен. Самолётов: 4
[2025-12-02 13:29:53] [INFO] AircraftService инициализирован
[2025-12-02 13:29:54] [INFO] Получение списка всех самолётов (4 шт.)
[2025-12-02 13:30:32] [INFO] Попытка добавить самолёт ID=a4
[2025-12-02 13:30:32] [ERROR] Дубликат ID: a4
[2025-12-02 13:32:12] [INFO] Загрузка данных из CSV: data/aircrafts.csv
[2025-12-02 13:32:12] [INFO] Загружен самолёт ID=a1 Тип=Passenger aircraft Модель=airbus777
[2025-12-02 13:32:12] [INFO] Загружен самолёт ID=a2 Тип=Military aircraft Модель=airgun67
[2025-12-02 13:32:12] [INFO] Загружен самолёт ID=a4 Тип=Passenger aircraft Модель=airbus120
[2025-12-02 13:32:12] [INFO] Загружен самолёт ID=a3 Тип=Passenger aircraft Модель=aircraftinho
[2025-12-02 13:32:12] [INFO] CSV загружен. Самолётов: 4
[2025-12-02 13:32:12] [INFO] AircraftService инициализирован
[2025-12-02 13:32:13] [INFO] Получение списка всех самолётов (4 шт.)
[2025-12-02 13:36:14] [INFO] Загрузка данных из CSV: data/aircrafts.csv
[2025-12-02 13:36:14] [INFO] Загружен самолёт ID=a1 Тип=Passenger aircraft Модель=airbus777
[2025-12-02 13:36:14] [INFO] Загружен самолёт ID=a2 Тип=Military aircraft Модель=airgun67
[2025-12-02 13:36:14] [INFO] Загружен самолёт ID=a4 Тип=Passenger aircraft Модель=airbus120
[2025-12-02 13:36:14] [INFO] Загружен самолёт ID=a3 Тип=Passenger aircraft Модель=aircraftinho
[2025-12-02 13:36:14] [INFO] CSV загружен. Самолётов: 4
[2025-12-02 13:36:14] [INFO] AircraftService инициализирован
[2025-12-02 13:36:14] [INFO] Получение списка всех самолётов (4 шт.)
[2025-12-02 13:44:51] [INFO] Загрузка данных из CSV: data/aircrafts.csv
[2025-12-02 13:44:51] [INFO] Загружен самолёт ID=a1 Тип=Passenger aircraft Модель=airbus777
[2025-12-02 13:44:51] [INFO] Загружен самолёт ID=a2 Тип=Military aircraft Модель=airgun67
[2025-12-02 13:44:51] [INFO] Загружен самолёт ID=a4 Тип=Passenger aircraft Модель=airbus120
[2025-12-02 13:44:51] [INFO] Загружен самолёт ID=a3 Тип=Passenger aircraft Модель=aircraftinho
[2025-12-02 13:44:51] [INFO] CSV загружен. Самолётов: 4
[2025-12-02 13:44:51] [INFO] AircraftService инициализирован
[2025-12-02 13:44:51] [INFO] Получение списка всех самолётов (4 шт.)
[2025-12-02 13:44:53] [INFO] Получение списка всех самолётов (4 шт.)
[2025-12-02 13:48:04] [INFO] Загрузка данных из CSV: data/aircrafts.csv
[2025-12-02 13:48:04] [INFO] Загружен самолёт ID=a1 Тип=Passenger aircraft Модель=airbus777
[2025-12-02 13:48:04] [INFO] Загружен самолёт ID=a2 Тип=Military aircraft Модель=airgun67
[2025-12-02 13:48:04] [INFO] Загружен самолёт ID=a4 Тип=Passenger aircraft Модель=airbus120
[2025-12-02 13:48:04] [INFO] Загружен самолёт ID=a3 Тип=Passenger aircraft Модель=aircraftinho
[2025-12-02 13:48:04] [INFO] CSV загружен. Самолётов: 4
[2025-12-02 13:48:04] [INFO] AircraftService инициализирован
[2025-12-02 13:48:04] [INFO] Получение списка всех самолётов (4 шт.)
[2025-12-02 13:48:05] [INFO] Получение списка всех самолётов (4 шт.)
[2025-12-02 13:54:08] [INFO] Загрузка данных из CSV: data/aircrafts.csv
[2025-12-02 13:54:08] [INFO] Загружен самолёт ID=a1 Тип=Passenger aircraft Модель=airbus777
[2025-12-02 13:54:08] [INFO] Загружен самолёт ID=a2 Тип=Military aircraft Модель=airgun67
[2025-12-02 13:54:08] [INFO] Загружен самолёт ID=a4 Тип=Passenger aircraft Модель=airbus120
[2025-12-02 13:54:08] [INFO] Загружен самолёт ID=a3 Тип=Passenger aircraft Модель=aircraftinho
[2025-12-02 13:54:08] [INFO] CSV загружен. Самолётов: 4
[2025-12-02 13:54:08] [INFO] AircraftService инициализирован
[2025-12-02 13:54:08] [INFO] Получение списка всех самолётов (4 шт.)
[2025-12-02 13:54:12] [INFO] Получение списка всех самолётов (4 шт.)
[2025-12-02 13:54:12] [INFO] Получение списка всех самолётов (4 шт.)
[2025-12-02 13:54:14] [INFO] Получение списка всех самолётов (4 шт.)
[2025-12-02 13:57:31] [INFO] Загрузка данных из CSV: data/aircrafts.csv
[2025-12-02 13:57:31] [INFO] Загружен самолёт ID=a1 Тип=Passenger aircraft Модель=airbus777
[2025-12-02 13:57:31] [INFO] Загружен самолёт ID=a2 Тип=Military aircraft Модель=airgun67
[2025-12-02 13:57:31] [INFO] Загружен самолёт ID=a4 Тип=Passenger aircraft Модель=airbus120
[2025-12-02 13:57:31] [INFO] Загружен самолёт ID=a3 Тип=Passenger aircraft Модель=aircraftinho
[2025-12-02 13:57:31] [INFO] CSV загружен. Самолётов: 4
[2025-12-02 13:57:31] [INFO] AircraftService инициализирован
[2025-12-02 13:57:31] [INFO] Получение списка всех самолётов (4 шт.)
[2025-12-02 13:57:32] [INFO] Получение списка всех самолётов (4 шт.)
[2025-12-02 13:57:33] [INFO] Получение списка всех самолётов (4 шт.)
[2025-12-02 13:57:54] [INFO] Загрузка данных из CSV: data/aircrafts.csv
[2025-12-02 13:57:54] [INFO] Загружен самолёт ID=a1 Тип=Passenger aircraft Модель=airbus777
[2025-12-02 13:57:54] [INFO] Загружен самолёт ID=a2 Тип=Military aircraft Модель=airgun67
[2025-12-02 13:57:54] [INFO] Загружен самолёт ID=a4 Тип=Passenger aircraft Модель=airbus120
[2025-12-02 13:57:54] [INFO] Загружен самолёт ID=a3 Тип=Passenger aircraft Модель=aircraftinho
[2025-12-02 13:57:54] [INFO] CSV загружен. Самолётов: 4
[2025-12-02 13:57:54] [INFO] AircraftService инициализирован
[2025-12-02 13:57:55] [INFO] Получение списка всех самолётов (4 шт.)
[2025-12-02 13:59:06] [INFO] Попытка добавить самолёт ID=b4
[2025-12-02 13:59:06] [INFO] Добавлен самолёт ID=b4
[2025-12-02 13:59:06] [INFO] Сохранение CSV в файл: data/aircrafts.csv
[2025-12-02 13:59:06] [INFO] Сохранён самолёт: ID=a1 Тип=Passenger aircraft Модель=airbus777
[2025-12-02 13:59:06] [INFO] Сохранён самолёт: ID=a2 Тип=Military aircraft Модель=airgun67
[2025-12-02 13:59:06] [INFO] Сохранён самолёт: ID=a4 Тип=Passenger aircraft Модель=airbus120
[2025-12-02 13:59:06] [INFO] Сохранён самолёт: ID=a3 Тип=Passenger aircraft Модель=aircraftinho
[2025-12-02 13:59:06] [INFO] Сохранён самолёт: ID=b4 Тип=Cargo aircraft Модель=cargo123
[2025-12-02 13:59:06] [INFO] CSV сохранён. Записано 5 строк.
[2025-12-02 13:59:06] [INFO] Самолёт ID=b4 успешно добавлен (Cargo aircraft cargo123)
[2025-12-02 13:59:09] [INFO] Получение списка всех самолётов (5 шт.)
[2025-12-02 14:00:18] [INFO] Загрузка данных из CSV: data/aircrafts.csv
[2025-12-02 14:00:18] [INFO] Загружен самолёт ID=a1 Тип=Passenger aircraft Модель=airbus777
[2025-12-02 14:00:18] [INFO] Загружен самолёт ID=a2 Тип=Military aircraft Модель=airgun67
[2025-12-02 14:00:18] [INFO] Загружен самолёт ID=a4 Тип=Passenger aircraft Модель=airbus120
[2025-12-02 14:00:18] [INFO] Загружен самолёт ID=a3 Тип=Passenger aircraft Модель=aircraftinho
[2025-12-02 14:00:18] [INFO] Загружен самолёт ID=b4 Тип=Cargo aircraft Модель=cargo123
[2025-12-02 14:00:18] [INFO] CSV загружен. Самолётов: 5
[2025-12-02 14:00:18] [INFO] AircraftService инициализирован
[2025-12-02 14:00:19] [INFO] Получение списка всех самолётов (5 шт.)
[2025-12-02 14:00:20] [INFO] Получение списка всех самолётов (5 шт.)
[2025-12-02 14:00:20] [INFO] Получение списка всех самолётов (5 шт.)
[2025-12-02 14:03:31] [INFO] Загрузка данных из CSV: data/aircrafts.csv
[2025-12-02 14:03:31] [INFO] Загружен самолёт ID=a1 Тип=Passenger aircraft Модель=airbus777
[2025-12-02 14:03:31] [INFO] Загружен самолёт ID=a2 Тип=Military aircraft Модель=airgun67
[2025-12-02 14:03:31] [INFO] Загружен самолёт ID=a4 Тип=Passenger aircraft Модель=airbus120
[2025-12-02 14:03:31] [INFO] Загружен самолёт ID=a3 Тип=Passenger aircraft Модель=aircraftinho
[2025-12-02 14:03:31] [INFO] Загружен самолёт ID=b4 Тип=Cargo aircraft Модель=cargo123
[2025-12-02 14:03:31] [INFO] CSV загружен. Самолётов: 5
[2025-12-02 14:03:31] [INFO] AircraftService инициализирован
[2025-12-02 14:03:31] [INFO] Получение списка всех самолётов (5 шт.)
[2025-12-02 14:03:33] [INFO] Получение списка всех самолётов (5 шт.)
[2025-12-02 14:04:07] [INFO] Получение списка всех самолётов (5 шт.)
[2025-12-02 14:07:17] [INFO] Загрузка данных из CSV: data/aircrafts.csv
[2025-12-02 14:07:17] [INFO] Загружен самолёт ID=a1 Тип=Passenger aircraft Модель=airbus777
[2025-12-02 14:07:17] [INFO] Загружен самолёт ID=a2 Тип=Military aircraft Модель=airgun67
[2025-12-02 14:07:17] [INFO] Загружен самолёт ID=a4 Тип=Passenger aircraft Модель=airbus120
[2025-12-02 14:07:17] [INFO] Загружен самолёт ID=a3 Тип=Passenger aircraft Модель=aircraftinho
[2025-12-02 14:07:17] [INFO] Загружен самолёт ID=b4 Тип=Cargo aircraft Модель=cargo123
[2025-12-02 14:07:17] [INFO] CSV загружен. Самолётов: 5
[2025-12-02 14:07:17] [INFO] AircraftService инициализирован
[2025-12-02 14:07:17] [INFO] Получение списка всех самолётов (5 шт.)
[2025-12-02 14:07:22] [INFO] Получение списка всех самолётов (5 шт.)
[2025-12-02 14:07:51] [INFO] Получение списка всех самолётов (5 шт.)
[2025-12-02 14:08:09] [INFO] Загрузка данных из CSV: data/aircrafts.csv
[2025-12-02 14:08:09] [INFO] Загружен самолёт ID=a1 Тип=Passenger aircraft Модель=airbus777
[2025-12-02 14:08:09] [INFO] Загружен самолёт ID=a2 Тип=Military aircraft Модель=airgun67
[2025-12-02 14:08:09] [INFO] Загружен самолёт ID=a4 Тип=Passenger aircraft Модель=airbus120
[2025-12-02 14:08:09] [INFO] Загружен самолёт ID=a3 Тип=Passenger aircraft Модель=aircraftinho
[2025-12-02 14:08:09] [INFO] Загружен самолёт ID=b4 Тип=Cargo aircraft Модель=cargo123
[2025-12-02 14:08:09] [INFO] CSV загружен. Самолётов: 5
[2025-12-02 14:08:09] [INFO] AircraftService инициализирован
[2025-12-02 14:08:09] [INFO] Получение списка всех самолётов (5 шт.)
[2025-12-02 14:08:11] [INFO] Получение списка всех самолётов (5 шт.)
[2025-12-02 14:08:11] [INFO] Получение списка всех самолётов (5 шт.)
[2025-12-02 14:26:02] [INFO] Загрузка данных из CSV: data/aircrafts.csv
[2025-12-02 14:26:02] [INFO] Загружен самолёт ID=a1 Тип=Passenger aircraft Модель=airbus777
[2025-12-02 14:26:02] [INFO] Загружен самолёт ID=a2 Тип=Military aircraft Модель=airgun67
[2025-12-02 14:26:02] [INFO] Загружен самолёт ID=a4 Тип=Passenger aircraft Модель=airbus120
[2025-12-02 14:26:02] [INFO] Загружен самолёт ID=a3 Тип=Passenger aircraft Модель=aircraftinho
[2025-12-02 14:26:02] [INFO] Загружен самолёт ID=b4 Тип=Cargo aircraft Модель=cargo123
[2025-12-02 14:26:02] [INFO] CSV загружен. Самолётов: 5
[2025-12-02 14:26:02] [INFO] AircraftService инициализирован
[2025-12-02 14:26:02] [INFO] Получение списка всех самолётов (5 шт.)
[2025-12-02 14:26:05] [INFO] Получение списка всех самолётов (5 шт.)
[2025-12-02 14:26:26] [INFO] Загрузка данных из CSV: data/aircrafts.csv
[2025-12-02 14:26:26] [INFO] Загружен самолёт ID=a1 Тип=Passenger aircraft Модель=airbus777
[2025-12-02 14:26:26] [INFO] Загружен самолёт ID=a2 Тип=Military aircraft Модель=airgun67
[2025-12-02 14:26:26] [INFO] Загружен самолёт ID=a4 Тип=Passenger aircraft Модель=airbus120
[2025-12-02 14:26:26] [INFO] Загружен самолёт ID=a3 Тип=Passenger aircraft Модель=aircraftinho
[2025-12-02 14:26:26] [INFO] Загружен самолёт ID=b4 Тип=Cargo aircraft Модель=cargo123
[2025-12-02 14:26:26] [INFO] CSV загружен. Самолётов: 5
[2025-12-02 14:26:26] [INFO] AircraftService инициализирован
[2025-12-02 14:26:27] [INFO] Получение списка всех самолётов (5 шт.)
[2025-12-02 14:26:28] [INFO] Получение списка всех самолётов (5 шт.)
[2025-12-02 14:31:03] [INFO] Загрузка данных из CSV: data/aircrafts.csv
[2025-12-02 14:31:03] [INFO] Загружен самолёт ID=a1 Тип=Passenger aircraft Модель=airbus777
[2025-12-02 14:31:03] [INFO] Загружен самолёт ID=a2 Тип=Military aircraft Модель=airgun67
[2025-12-02 14:31:03] [INFO] Загружен самолёт ID=a4 Тип=Passenger aircraft Модель=airbus120
[2025-12-02 14:31:03] [INFO] Загружен самолёт ID=a3 Тип=Passenger aircraft Модель=aircraftinho
[2025-12-02 14:31:03] [INFO] Загружен самолёт ID=b4 Тип=Cargo aircraft Модель=cargo123
[2025-12-02 14:31:03] [INFO] CSV загружен. Самолётов: 5
[2025-12-02 14:31:03] [INFO] AircraftService инициализирован
[2025-12-02 14:31:03] [INFO] Получение списка всех самолётов (5 шт.)
[2025-12-02 14:31:07] [INFO] Получение списка всех самолётов (5 шт.)
[2025-12-02 14:34:40] [INFO] Загрузка данных из CSV: data/aircrafts.csv
[2025-12-02 14:34:40] [INFO] Загружен самолёт ID=a1 Тип=Passenger aircraft Модель=airbus777
[2025-12-02 14:34:40] [INFO] Загружен самолёт ID=a2 Тип=Military aircraft Модель=airgun67
[2025-12-02 14:34:40] [INFO] Загружен самолёт ID=a4 Тип=Passenger aircraft Модель=airbus120
[2025-12-02 14:34:40] [INFO] Загружен самолёт ID=a3 Тип=Passenger aircraft Модель=aircraftinho
[2025-12-02 14:34:40] [INFO] Загружен самолёт ID=b4 Тип=Cargo aircraft Модель=cargo123
[2025-12-02 14:34:40] [INFO] CSV загружен. Самолётов: 5
[2025-12-02 14:34:40] [INFO] AircraftService инициализирован
[2025-12-02 14:34:40] [INFO] Получение списка всех самолётов (5 шт.)
[2025-12-02 14:34:43] [INFO] Получение списка всех самолётов (5 шт.)
[2025-12-02 14:34:44] [INFO] Получение списка всех самолётов (5 шт.)
[2025-12-02 14:34:53] [INFO] Получение списка всех самолётов (5 шт.)
[2025-12-02 14:34:53] [INFO] Получение списка всех самолётов (5 шт.)
[2025-12-02 14:49:11] [INFO] Загрузка данных из CSV: data/aircrafts.csv
[2025-12-02 14:49:11] [INFO] Загружен самолёт ID=a1 Тип=Passenger aircraft Модель=airbus777
[2025-12-02 14:49:11] [INFO] Загружен самолёт ID=a2 Тип=Military aircraft Модель=airgun67
[2025-12-02 14:49:11] [INFO] Загружен самолёт ID=a4 Тип=Passenger aircraft Модель=airbus120
[2025-12-02 14:49:11] [INFO] Загружен самолёт ID=a3 Тип=Passenger aircraft Модель=aircraftinho
[2025-12-02 14:49:11] [INFO] Загружен самолёт ID=b4 Тип=Cargo aircraft Модель=cargo123
[2025-12-02 14:49:11] [INFO] CSV загружен. Самолётов: 5
[2025-12-02 14:49:11] [INFO] AircraftService инициализирован
[2025-12-02 14:49:11] [INFO] Получение списка всех самолётов (5 шт.)
[2025-12-02 14:49:15] [INFO] Получение списка всех самолётов (5 шт.)
[2025-12-02 15:41:56] [INFO] Загрузка данных из CSV: data/aircrafts.csv
[2025-12-02 15:41:56] [INFO] Загружен самолёт ID=a1 Тип=Passenger aircraft Модель=airbus777
[2025-12-02 15:41:56] [INFO] Загружен самолёт ID=a2 Тип=Military aircraft Модель=airgun67
[2025-12-02 15:41:56] [INFO] Загружен самолёт ID=a4 Тип=Passenger aircraft Модель=airbus120
[2025-12-02 15:41:56] [INFO] Загружен самолёт ID=a3 Тип=Passenger aircraft Модель=aircraftinho
[2025-12-02 15:41:56] [INFO] Загружен самолёт ID=b4 Тип=Cargo aircraft Модель=cargo123
[2025-12-02 15:41:56] [INFO] CSV загружен. Самолётов: 5
[2025-12-02 15:41:56] [INFO] AircraftService инициализирован
[2025-12-02 15:41:57] [INFO] Получение списка всех самолётов (5 шт.)
[2025-12-02 15:41:59] [INFO] Получение списка всех самолётов (5 шт.)
[2025-12-02 15:43:05] [INFO] Попытка удалить самолёт ID=b4
[2025-12-02 15:43:05] [INFO] Удалён самолёт ID=b4
[2025-12-02 15:43:05] [INFO] Сохранение CSV в файл: data/aircrafts.csv
[2025-12-02 15:43:05] [INFO] Сохранён самолёт: ID=a1 Тип=Passenger aircraft Модель=airbus777
[2025-12-02 15:43:05] [INFO] Сохранён самолёт: ID=a2 Тип=Military aircraft Модель=airgun67
[2025-12-02 15:43:05] [INFO] Сохранён самолёт: ID=a4 Тип=Passenger aircraft Модель=airbus120
[2025-12-02 15:43:05] [INFO] Сохранён самолёт: ID=a3 Тип=Passenger aircraft Модель=aircraftinho
[2025-12-02 15:43:05] [INFO] CSV сохранён. Записано 4 строк.
[2025-12-02 15:43:05] [INFO] Самолёт ID=b4 удалён (Cargo aircraft cargo123)
[2025-12-02 15:43:06] [INFO] Получение списка всех самолётов (4 шт.)
[2025-12-02 15:43:07] [INFO] Получение списка всех самолётов (4 шт.)
[2025-12-02 15:43:07] [INFO] Получение списка всех самолётов (4 шт.)
[2025-12-02 15:43:07] [INFO] Получение списка всех самолётов (4 шт.)
[2025-12-02 15:43:07] [INFO] Получение списка всех самолётов (4 шт.)
[2025-12-02 16:13:53] [INFO] Загрузка данных из CSV: data/aircrafts.csv
[2025-12-02 16:13:53] [INFO] Загружен самолёт ID=a1 Тип=Passenger aircraft Модель=airbus777
[2025-12-02 16:13:53] [INFO] Загружен самолёт ID=a2 Тип=Military aircraft Модель=airgun67
[2025-12-02 16:13:53] [INFO] Загружен самолёт ID=a4 Тип=Passenger aircraft Модель=airbus120
[2025-12-02 16:13:53] [INFO] Загружен самолёт ID=a3 Тип=Passenger aircraft Модель=aircraftinho
[2025-12-02 16:13:53] [INFO] CSV загружен. Самолётов: 4
[2025-12-02 16:13:53] [INFO] AircraftService инициализирован
[2025-12-02 16:13:54] [INFO] Получение списка всех самолётов (4 шт.)
[2025-12-02 16:13:57] [INFO] Получение списка всех самолётов (4 шт.)
[2025-12-02 16:13:58] [INFO] Получение списка всех самолётов (4 шт.)
[2025-12-02 16:14:00] [INFO] Получение списка всех самолётов (4 шт.)
[2025-12-02 16:14:02] [INFO] Получение списка всех самолётов (4 шт.)
[2025-12-02 16:19:42] [ERROR] Проверка ERROR лога
[2025-12-02 16:19:42] [INFO] Загрузка данных из CSV: data/aircrafts.csv
[2025-12-02 16:19:42] [INFO] Загружен самолёт ID=a1 Тип=Passenger aircraft Модель=airbus777
[2025-12-02 16:19:42] [INFO] Загружен самолёт ID=a2 Тип=Military aircraft Модель=airgun67
[2025-12-02 16:19:42] [INFO] Загружен самолёт ID=a4 Тип=Passenger aircraft Модель=airbus120
[2025-12-02 16:19:42] [INFO] Загружен самолёт ID=a3 Тип=Passenger aircraft Модель=aircraftinho
[2025-12-02 16:19:42] [INFO] CSV загружен. Самолётов: 4
[2025-12-02 16:19:42] [INFO] AircraftService инициализирован
[2025-12-02 16:35:57] [INFO] Загрузка данных из CSV: data/aircrafts.csv
[2025-12-02 16:35:57] [INFO] Загружен самолёт ID=a1 Тип=Passenger aircraft Модель=airbus777
[2025-12-02 16:35:57] [INFO] Загружен самолёт ID=a2 Тип=Military aircraft Модель=airgun67
[2025-12-02 16:35:57] [INFO] Загружен самолёт ID=a4 Тип=Passenger aircraft Модель=airbus120
[2025-12-02 16:35:57] [INFO] Загружен самолёт ID=a3 Тип=Passenger aircraft Модель=aircraftinho
[2025-12-02 16:35:57] [INFO] CSV загружен. Самолётов: 4
[2025-12-02 16:35:57] [INFO] AircraftService инициализирован
[2025-12-02 16:35:57] [INFO] Получение списка всех самолётов (4 шт.)
[2025-12-02 16:50:15] [INFO] Загрузка данных из CSV: data/aircrafts.csv
[2025-12-02 16:50:15] [INFO] Загружен самолёт ID=a1 Тип=Passenger aircraft Модель=airbus777
[2025-12-02 16:50:15] [INFO] Загружен самолёт ID=a2 Тип=Military aircraft Модель=airgun67
[2025-12-02 16:50:15] [INFO] Загружен самолёт ID=a4 Тип=Passenger aircraft Модель=airbus120
[2025-12-02 16:50:15] [INFO] Загружен самолёт ID=a3 Тип=Passenger aircraft Модель=aircraftinho
[2025-12-02 16:50:15] [INFO] CSV загружен. Самолётов: 4
[2025-12-02 16:50:15] [INFO] AircraftService инициализирован
[2025-12-02 16:50:15] [INFO] Получение списка всех самолётов (4 шт.)
[2025-12-02 17:35:20] [INFO] Загрузка данных из CSV: data/aircrafts.csv
[2025-12-02 17:35:20] [INFO] Загружен самолёт ID=a1 Тип=Passenger aircraft Модель=airbus777
[2025-12-02 17:35:20] [INFO] Загружен самолёт ID=a2 Тип=Military aircraft Модель=airgun67
[2025-12-02 17:35:20] [INFO] Загружен самолёт ID=a4 Тип=Passenger aircraft Модель=airbus120
[2025-12-02 17:35:20] [INFO] Загружен самолёт ID=a3 Тип=Passenger aircraft Модель=aircraftinho
[2025-12-02 17:35:20] [INFO] CSV загружен. Самолётов: 4
[2025-12-02 17:35:20] [INFO] AircraftService инициализирован
[2025-12-02 17:35:20] [INFO] Получение списка всех самолётов (4 шт.)
[2025-12-02 17:35:38] [INFO] Получение списка всех самолётов (4 шт.)
[2025-12-02 17:46:09] [ERROR] Проверка ERROR лога
[2025-12-02 17:46:09] [INFO] Загрузка данных из CSV: data/aircrafts.csv
[2025-12-02 17:46:09] [INFO] Загружен самолёт ID=a1 Тип=Passenger aircraft Модель=airbus777
[2025-12-02 17:46:09] [INFO] Загружен самолёт ID=a2 Тип=Military aircraft Модель=airgun67
[2025-12-02 17:46:09] [INFO] Загружен самолёт ID=a4 Тип=Passenger aircraft Модель=airbus120
[2025-12-02 17:46:09] [INFO] Загружен самолёт ID=a3 Тип=Passenger aircraft Модель=aircraftinho
[2025-12-02 17:46:09] [INFO] CSV загружен. Самолётов: 4
[2025-12-02 17:46:09] [INFO] AircraftService инициализирован
[2025-12-02 18:07:50] [ERROR] Проверка ERROR лога
[2025-12-02 18:07:50] [INFO] Загрузка данных из CSV: data/aircrafts.csv
[2025-12-02 18:07:50] [INFO] Загружен самолёт ID=a1 Тип=Passenger aircraft Модель=airbus777
[2025-12-02 18:07:50] [INFO] Загружен самолёт ID=a2 Тип=Military aircraft Модель=airgun67
[2025-12-02 18:07:50] [INFO] Загружен самолёт ID=a4 Тип=Passenger aircraft Модель=airbus120
[2025-12-02 18:07:50] [INFO] Загружен самолёт ID=a3 Тип=Passenger aircraft Модель=aircraftinho
[2025-12-02 18:07:50] [INFO] CSV загружен. Самолётов: 4
[2025-12-02 18:07:50] [INFO] AircraftService инициализирован
[2025-12-02 18:08:02] [INFO] Загрузка данных из CSV: data/aircrafts.csv
[2025-12-02 18:08:02] [INFO] Загружен самолёт ID=a1 Тип=Passenger aircraft Модель=airbus777
[2025-12-02 18:08:02] [INFO] Загружен самолёт ID=a2 Тип=Military aircraft Модель=airgun67
[2025-12-02 18:08:02] [INFO] Загружен самолёт ID=a4 Тип=Passenger aircraft Модель=airbus120
[2025-12-02 18:08:02] [INFO] Загружен самолёт ID=a3 Тип=Passenger aircraft Модель=aircraftinho
[2025-12-02 18:08:02] [INFO] CSV загружен. Самолётов: 4
[2025-12-02 18:08:02] [INFO] AircraftService инициализирован
[2025-12-02 18:08:02] [INFO] Получение списка всех самолётов (4 шт.)
[2025-12-02 18:36:25] [INFO] Загрузка данных из CSV: data/aircrafts.csv
[2025-12-02 18:36:25] [INFO] Загружен самолёт ID=a1 Тип=Passenger aircraft Модель=airbus777
[2025-12-02 18:36:25] [INFO] Загружен самолёт ID=a2 Тип=Military aircraft Модель=airgun67
[2025-12-02 18:36:25] [INFO] Загружен самолёт ID=a4 Тип=Passenger aircraft Модель=airbus120
[2025-12-02 18:36:25] [INFO] Загружен самолёт ID=a3 Тип=Passenger aircraft Модель=aircraftinho
[2025-12-02 18:36:25] [INFO] CSV загружен. Самолётов: 4
[2025-12-02 18:36:25] [INFO] AircraftService инициализирован
[2025-12-02 18:36:25] [INFO] Получение списка всех самолётов (4 шт.)
[2025-12-02 18:36:47] [INFO] Получение списка всех самолётов (4 шт.)
[2025-12-02 18:36:48] [INFO] Получение списка всех самолётов (4 шт.)
[2025-12-02 18:36:53] [INFO] Получение списка всех самолётов (4 шт.)
[2025-12-02 18:36:53] [INFO] Получение списка всех самолётов (4 шт.)
[2025-12-02 18:36:53] [INFO] Получение списка всех самолётов (4 шт.)
[2025-12-02 18:36:54] [INFO] Получение списка всех самолётов (4 шт.)
[2025-12-02 18:36:54] [INFO] Получение списка всех самолётов (4 шт.)
[2025-12-02 18:40:59] [INFO] Загрузка данных из CSV: data/aircrafts.csv
[2025-12-02 18:40:59] [INFO] Загружен самолёт ID=a1 Тип=Passenger aircraft Модель=airbus777
[2025-12-02 18:40:59] [INFO] Загружен самолёт ID=a2 Тип=Military aircraft Модель=airgun67
[2025-12-02 18:40:59] [INFO] Загружен самолёт ID=a4 Тип=Passenger aircraft Модель=airbus120
[2025-12-02 18:40:59] [INFO] Загружен самолёт ID=a3 Тип=Passenger aircraft Модель=aircraftinho
[2025-12-02 18:40:59] [INFO] CSV загружен. Самолётов: 4
[2025-12-02 18:40:59] [INFO] AircraftService инициализирован
[2025-12-02 18:41:00] [INFO] Получение списка всех самолётов (4 шт.)
[2025-12-02 18:41:36] [INFO] Получение списка всех самолётов (4 шт.)
[2025-12-02 18:43:31] [ERROR] Проверка ERROR лога
[2025-12-02 18:43:31] [INFO] Загрузка данных из CSV: data/aircrafts.csv
[2025-12-02 18:43:31] [INFO] Загружен самолёт ID=a1 Тип=Passenger aircraft Модель=airbus777
[2025-12-02 18:43:31] [INFO] Загружен самолёт ID=a2 Тип=Military aircraft Модель=airgun67
[2025-12-02 18:43:31] [INFO] Загружен самолёт ID=a4 Тип=Passenger aircraft Модель=airbus120
[2025-12-02 18:43:31] [INFO] Загружен самолёт ID=a3 Тип=Passenger aircraft Модель=aircraftinho
[2025-12-02 18:43:31] [INFO] CSV загружен. Самолётов: 4
[2025-12-02 18:43:31] [INFO] AircraftService инициализирован
[2025-12-02 18:44:01] [INFO] Попытка добавить самолёт ID=1
[2025-12-02 18:44:01] [ERROR] Ошибка: отрицательная вместимость -30
[2025-12-05 18:53:36] [INFO] Загрузка данных из CSV: data/aircrafts.csv
[2025-12-05 18:53:36] [INFO] Загружен самолёт ID=a1 Тип=Passenger aircraft Модель=airbus777
[2025-12-05 18:53:36] [INFO] Загружен самолёт ID=a2 Тип=Military aircraft Модель=airgun67
[2025-12-05 18:53:36] [INFO] Загружен самолёт ID=a4 Тип=Passenger aircraft Модель=airbus120
[2025-12-05 18:53:36] [INFO] Загружен самолёт ID=a3 Тип=Passenger aircraft Модель=aircraftinho
[2025-12-05 18:53:36] [INFO] CSV загружен. Самолётов: 4
[2025-12-05 18:53:36] [INFO] AircraftService инициализирован
[2025-12-05 18:53:37] [INFO] Получение списка всех самолётов (4 шт.)
[2025-12-07 19:24:13] [INFO] Загрузка данных из CSV: data/aircrafts.csv
[2025-12-07 19:24:13] [INFO] Загружен самолёт ID=a1 Тип=Passenger aircraft Модель=airbus777
[2025-12-07 19:24:13] [INFO] Загружен самолёт ID=a2 Тип=Military aircraft Модель=airgun67
[2025-12-07 19:24:13] [INFO] Загружен самолёт ID=a4 Тип=Passenger aircraft Модель=airbus120
[2025-12-07 19:24:13] [INFO] Загружен самолёт ID=a3 Тип=Passenger aircraft Модель=aircraftinho
[2025-12-07 19:24:13] [INFO] CSV загружен. Самолётов: 4
[2025-12-07 19:24:13] [INFO] AircraftService инициализирован
[2025-12-07 19:24:14] [INFO] Получение списка всех самолётов (4 шт.)
[2025-12-07 19:39:34] [ERROR] Проверка ERROR лога
[2025-12-07 19:39:34] [INFO] Загрузка данных из CSV: data/aircrafts.csv
[2025-12-07 19:39:34] [INFO] Загружен самолёт ID=a1 Тип=Passenger aircraft Модель=airbus777
[2025-12-07 19:39:34] [INFO] Загружен самолёт ID=a2 Тип=Military aircraft Модель=airgun67
[2025-12-07 19:39:34] [INFO] Загружен самолёт ID=a4 Тип=Passenger aircraft Модель=airbus120
[2025-12-07 19:39:34] [INFO] Загружен самолёт ID=a3 Тип=Passenger aircraft Модель=aircraftinho
[2025-12-07 19:39:34] [INFO] CSV загружен. Самолётов: 4
[2025-12-07 19:39:34] [INFO] AircraftService инициализирован
[2025-12-07 21:19:10] [INFO] Загрузка данных из CSV: data/aircrafts.csv
[2025-12-07 21:19:10] [INFO] Загружен самолёт ID=a1 Тип=Passenger aircraft Модель=airbus777
[2025-12-07 21:19:10] [INFO] Загружен самолёт ID=a2 Тип=Military aircraft Модель=airgun67
[2025-12-07 21:19:10] [INFO] Загружен самолёт ID=a4 Тип=Passenger aircraft Модель=airbus120
[2025-12-07 21:19:10] [INFO] Загружен самолёт ID=a3 Тип=Passenger aircraft Модель=aircraftinho
[2025-12-07 21:19:10] [INFO] CSV загружен. Самолётов: 4
[2025-12-07 21:19:10] [INFO] AircraftService инициализирован
[2025-12-07 21:19:12] [INFO] Получение списка всех самолётов (4 шт.)
[2025-12-07 21:21:43] [INFO] Получение списка всех самолётов (4 шт.)
[2025-12-07 23:06:33] [ERROR] Проверка ERROR лога
[2025-12-07 23:06:33] [INFO] Загрузка данных из CSV: data/aircrafts.csv
[2025-12-07 23:06:33] [INFO] Загружен самолёт ID=a1 Тип=Passenger aircraft Модель=airbus777
[2025-12-07 23:06:33] [INFO] Загружен самолёт ID=a2 Тип=Military aircraft Модель=airgun67
[2025-12-07 23:06:33] [INFO] Загружен самолёт ID=a4 Тип=Passenger aircraft Модель=airbus120
[2025-12-07 23:06:33] [INFO] Загружен самолёт ID=a3 Тип=Passenger aircraft Модель=aircraftinho
[2025-12-07 23:06:33] [INFO] CSV загружен. Самолётов: 4
[2025-12-07 23:06:33] [INFO] AircraftService инициализирован
